<?xml version="1.0" encoding="UTF-8"?>
<testsuite xmlns:xsi="http://www.w3.org/2001/XMLSchema-instance" xsi:noNamespaceSchemaLocation="https://maven.apache.org/surefire/maven-surefire-plugin/xsd/surefire-test-report.xsd" name="com.nc.memberProjects.rest.bdd.MemberProjectAcceptanceTest" time="3.635" tests="2" errors="1" skipped="0" failures="0">
  <properties>
[...]
</properties>
  <testcase name="Get project version" classname="com.nc.memberProjects.rest.bdd.MemberProjectAcceptanceTest" time="1.34"/>
  <testcase name="Get All members" classname="com.nc.memberProjects.rest.bdd.MemberProjectAcceptanceTest" time="0.281">
    <error message="Request processing failed; nested exception is java.lang.UnsupportedOperationException" type="org.springframework.web.util.NestedServletException">org.springframework.web.util.NestedServletException: Request processing failed; nested exception is java.lang.UnsupportedOperationException
Caused by: java.lang.UnsupportedOperationException
</error>
    <system-out><![CDATA[2020-12-19 20:20:55.841  INFO 6324 --- [           main] o.s.t.c.web.WebTestContextBootstrapper   : Loaded default TestExecutionListener class names from location [META-INF/spring.factories]: [org.springframework.boot.test.mock.mockito.MockitoTestExecutionListener, org.springframework.boot.test.mock.mockito.ResetMocksTestExecutionListener, org.springframework.boot.test.autoconfigure.restdocs.RestDocsTestExecutionListener, org.springframework.boot.test.autoconfigure.web.client.MockRestServiceServerResetTestExecutionListener, org.springframework.boot.test.autoconfigure.web.servlet.MockMvcPrintOnlyOnFailureTestExecutionListener, org.springframework.boot.test.autoconfigure.web.servlet.WebDriverTestExecutionListener, org.springframework.test.context.web.ServletTestExecutionListener, org.springframework.test.context.support.DirtiesContextBeforeModesTestExecutionListener, org.springframework.test.context.support.DependencyInjectionTestExecutionListener, org.springframework.test.context.support.DirtiesContextTestExecutionListener, org.springframework.test.context.transaction.TransactionalTestExecutionListener, org.springframework.test.context.jdbc.SqlScriptsTestExecutionListener, org.springframework.test.context.event.EventPublishingTestExecutionListener]
2020-12-19 20:20:55.844  INFO 6324 --- [           main] o.s.t.c.web.WebTestContextBootstrapper   : Using TestExecutionListeners: [org.springframework.test.context.web.ServletTestExecutionListener@2d801d8, org.springframework.test.context.support.DirtiesContextBeforeModesTestExecutionListener@b9b97ad, org.springframework.boot.test.mock.mockito.MockitoTestExecutionListener@2807cf3, org.springframework.test.context.support.DependencyInjectionTestExecutionListener@298e002d, org.springframework.test.context.support.DirtiesContextTestExecutionListener@6b9a1205, org.springframework.test.context.event.EventPublishingTestExecutionListener@3c6bd624, org.springframework.boot.test.mock.mockito.ResetMocksTestExecutionListener@3d8d52be, org.springframework.boot.test.autoconfigure.restdocs.RestDocsTestExecutionListener@645ba24a, org.springframework.boot.test.autoconfigure.web.client.MockRestServiceServerResetTestExecutionListener@5f6a8efe, org.springframework.boot.test.autoconfigure.web.servlet.MockMvcPrintOnlyOnFailureTestExecutionListener@3dd2b9c1, org.springframework.boot.test.autoconfigure.web.servlet.WebDriverTestExecutionListener@6a1d1467]
]]></system-out>
  </testcase>
</testsuite>